<?xml version="1.0" encoding="UTF-8"?>
<!-- Generated by org.testng.reporters.JUnitReportReporter -->
<testsuite ignored="0" hostname="MacBook-Air-de-Ilidio.local" failures="0" tests="1" name="Adidas.Demo.seleniumTests.testClasses.DemoTest" time="0.015" errors="0" timestamp="01 ene. 2022 10:47:48 GMT" skipped="0">
  <testcase classname="Adidas.Demo.seleniumTests.testClasses.DemoTest" name="f" time="0.015"/>
</testsuite> <!-- Adidas.Demo.seleniumTests.testClasses.DemoTest -->
